<?xml version="1.0" encoding="UTF-8"?>
<!-- Generated by org.testng.reporters.JUnitReportReporter -->
<testsuite hostname="DESKTOP-U6D9EGH" failures="0" tests="5" name="testCases.ManageExpensesTestCases" time="17.052" errors="0" timestamp="07 Mar 2023 15:04:46 GMT" skipped="0">
  <testcase classname="testCases.ManageExpensesTestCases" name="verifyAddNewExpenseRecord" time="5.246"/>
  <testcase classname="testCases.ManageExpensesTestCases" name="verifyManageExpensePageLoad" time="2.789"/>
  <testcase classname="testCases.ManageExpensesTestCases" name="verifyAddExpenseFieldsPresence" time="3.009"/>
  <testcase classname="testCases.ManageExpensesTestCases" name="verifyNewSearchResetButtonFontColor" time="3.262"/>
  <testcase classname="testCases.ManageExpensesTestCases" name="verifyNewSearchResetButtonFontSize" time="2.746"/>
</testsuite> <!-- testCases.ManageExpensesTestCases -->
