<?xml version="1.0" encoding="UTF-8"?>
<!-- Generated by org.testng.reporters.JUnitReportReporter -->
<testsuite hostname="DESKTOP-U6D9EGH" failures="0" tests="3" name="testCases.HomePageTestCases" time="7.547" errors="0" timestamp="07 Mar 2023 15:04:46 GMT" skipped="0">
  <testcase classname="testCases.HomePageTestCases" name="verifyUserLogout" time="2.731"/>
  <testcase classname="testCases.HomePageTestCases" name="verifyHomePageURL" time="2.371"/>
  <testcase classname="testCases.HomePageTestCases" name="verifyHomePageTitle" time="2.445"/>
</testsuite> <!-- testCases.HomePageTestCases -->
