<?xml version="1.0" encoding="UTF-8"?>
<!-- Generated by org.testng.reporters.JUnitReportReporter -->
<testsuite hostname="DESKTOP-U6D9EGH" failures="0" tests="6" name="testCases.ExpenseCategoryTestCases" time="18.314" errors="0" timestamp="07 Mar 2023 15:04:46 GMT" skipped="0">
  <testcase classname="testCases.ExpenseCategoryTestCases" name="EditExpenseCategory" time="3.193"/>
  <testcase classname="testCases.ExpenseCategoryTestCases" name="verifyNewSearchResetButtonColors" time="2.781"/>
  <testcase classname="testCases.ExpenseCategoryTestCases" name="searchExpenseCategory" time="3.381"/>
  <testcase classname="testCases.ExpenseCategoryTestCases" name="addNewExpenseCategory" time="3.117"/>
  <testcase classname="testCases.ExpenseCategoryTestCases" name="deleteExpenseCategory" time="3.076"/>
  <testcase classname="testCases.ExpenseCategoryTestCases" name="verifyExpenseCategoryPageIsLoaded" time="2.766"/>
</testsuite> <!-- testCases.ExpenseCategoryTestCases -->
