<?xml version="1.0" encoding="UTF-8"?>
<!-- Generated by org.testng.reporters.JUnitReportReporter -->
<testsuite hostname="DESKTOP-U6D9EGH" failures="0" tests="1" name="testCases.AdminUserTestCases" time="3.419" errors="0" timestamp="13 Mar 2023 14:43:12 GMT" skipped="0">
  <testcase classname="testCases.AdminUserTestCases" name="verifyAdminUserPageURL" time="3.419"/>
</testsuite> <!-- testCases.AdminUserTestCases -->
