<?xml version="1.0" encoding="UTF-8"?>
<!-- Generated by org.testng.reporters.JUnitReportReporter -->
<testsuite hostname="DESKTOP-U6D9EGH" failures="0" tests="6" name="testCases.ManageProductTestCases" time="16.915" errors="0" timestamp="07 Mar 2023 15:04:46 GMT" skipped="0">
  <testcase classname="testCases.ManageProductTestCases" name="verifyProductSearchPageLoad" time="2.793"/>
  <testcase classname="testCases.ManageProductTestCases" name="verifyAddNewProductPageDefaultRadioButtonValues" time="3.050"/>
  <testcase classname="testCases.ManageProductTestCases" name="verifyManageProductTitle" time="2.744"/>
  <testcase classname="testCases.ManageProductTestCases" name="verifyManageProductURL" time="2.543"/>
  <testcase classname="testCases.ManageProductTestCases" name="verifyManageProductPageisLoaded" time="2.682"/>
  <testcase classname="testCases.ManageProductTestCases" name="verifyAddNewProductPageDefaultCheckboxValuesSelected" time="3.103"/>
</testsuite> <!-- testCases.ManageProductTestCases -->
